Determining if the pthread_create exist failed with the following output:
Change Dir: /home/derrick/catkin_ws/src/map_server_Holmes/cmake-build-debug/CMakeFiles/CMakeTmp

Run Build Command:"/usr/bin/make" "cmTC_d75ff/fast"
/usr/bin/make -f CMakeFiles/cmTC_d75ff.dir/build.make CMakeFiles/cmTC_d75ff.dir/build
make[1]: Entering directory '/home/derrick/catkin_ws/src/map_server_Holmes/cmake-build-debug/CMakeFiles/CMakeTmp'
Building C object CMakeFiles/cmTC_d75ff.dir/CheckSymbolExists.c.o
/usr/bin/cc    -o CMakeFiles/cmTC_d75ff.dir/CheckSymbolExists.c.o   -c /home/derrick/catkin_ws/src/map_server_Holmes/cmake-build-debug/CMakeFiles/CMakeTmp/CheckSymbolExists.c
Linking C executable cmTC_d75ff
/snap/clion/27/bin/cmake/bin/cmake -E cmake_link_script CMakeFiles/cmTC_d75ff.dir/link.txt --verbose=1
/usr/bin/cc      -rdynamic CMakeFiles/cmTC_d75ff.dir/CheckSymbolExists.c.o  -o cmTC_d75ff 
CMakeFiles/cmTC_d75ff.dir/CheckSymbolExists.c.o: In function `main':
CheckSymbolExists.c:(.text+0x16): undefined reference to `pthread_create'
collect2: error: ld returned 1 exit status
CMakeFiles/cmTC_d75ff.dir/build.make:97: recipe for target 'cmTC_d75ff' failed
make[1]: *** [cmTC_d75ff] Error 1
make[1]: Leaving directory '/home/derrick/catkin_ws/src/map_server_Holmes/cmake-build-debug/CMakeFiles/CMakeTmp'
Makefile:126: recipe for target 'cmTC_d75ff/fast' failed
make: *** [cmTC_d75ff/fast] Error 2

File /home/derrick/catkin_ws/src/map_server_Holmes/cmake-build-debug/CMakeFiles/CMakeTmp/CheckSymbolExists.c:
/* */
#include <pthread.h>

int main(int argc, char** argv)
{
  (void)argv;
#ifndef pthread_create
  return ((int*)(&pthread_create))[argc];
#else
  (void)argc;
  return 0;
#endif
}

Determining if the function pthread_create exists in the pthreads failed with the following output:
Change Dir: /home/derrick/catkin_ws/src/map_server_Holmes/cmake-build-debug/CMakeFiles/CMakeTmp

Run Build Command:"/usr/bin/make" "cmTC_15158/fast"
/usr/bin/make -f CMakeFiles/cmTC_15158.dir/build.make CMakeFiles/cmTC_15158.dir/build
make[1]: Entering directory '/home/derrick/catkin_ws/src/map_server_Holmes/cmake-build-debug/CMakeFiles/CMakeTmp'
Building C object CMakeFiles/cmTC_15158.dir/CheckFunctionExists.c.o
/usr/bin/cc   -DCHECK_FUNCTION_EXISTS=pthread_create   -o CMakeFiles/cmTC_15158.dir/CheckFunctionExists.c.o   -c /snap/clion/27/bin/cmake/share/cmake-3.10/Modules/CheckFunctionExists.c
Linking C executable cmTC_15158
/snap/clion/27/bin/cmake/bin/cmake -E cmake_link_script CMakeFiles/cmTC_15158.dir/link.txt --verbose=1
/usr/bin/cc  -DCHECK_FUNCTION_EXISTS=pthread_create    -rdynamic CMakeFiles/cmTC_15158.dir/CheckFunctionExists.c.o  -o cmTC_15158 -lpthreads 
/usr/bin/ld: cannot find -lpthreads
collect2: error: ld returned 1 exit status
CMakeFiles/cmTC_15158.dir/build.make:97: recipe for target 'cmTC_15158' failed
make[1]: *** [cmTC_15158] Error 1
make[1]: Leaving directory '/home/derrick/catkin_ws/src/map_server_Holmes/cmake-build-debug/CMakeFiles/CMakeTmp'
Makefile:126: recipe for target 'cmTC_15158/fast' failed
make: *** [cmTC_15158/fast] Error 2


